2019-06-24 08:23:16,767 [16] ERROR DongXu.Target.Web.HttpGlobalExceptionFilter [(null)] - 老田测试log4错误日志
2019-06-24 08:23:16,787 [16] ERROR DongXu.Target.Web.HttpGlobalExceptionFilter [(null)] - 老蔡测试log4错误日志
2019-06-24 08:23:16,787 [16] ERROR DongXu.Target.Web.HttpGlobalExceptionFilter [(null)] - 老牛测试log4错误日志
2019-06-24 08:27:29,656 [10] ERROR DongXu.Target.Web.HttpGlobalExceptionFilter [(null)] - System.NullReferenceException: Object reference not set to an instance of an object.
   at DongXu.Target.Web.MyActionFilter.<>c__DisplayClass0_0.<OnActionExecuting>b__0(PowerList m) in G:\专业高级课程\大实训二\Github项目\Transformers\DongXu.Target.Web\DongXu.Target.Web\MyActionFilter.cs:line 28
   at System.Collections.Generic.List`1.FindIndex(Int32 startIndex, Int32 count, Predicate`1 match)
   at System.Collections.Generic.List`1.Exists(Predicate`1 match)
   at DongXu.Target.Web.MyActionFilter.OnActionExecuting(ActionExecutingContext filterContext) in G:\专业高级课程\大实训二\Github项目\Transformers\DongXu.Target.Web\DongXu.Target.Web\MyActionFilter.cs:line 28
   at Microsoft.AspNetCore.Mvc.Filters.ActionFilterAttribute.OnActionExecutionAsync(ActionExecutingContext context, ActionExecutionDelegate next)
   at Microsoft.AspNetCore.Mvc.Internal.ControllerActionInvoker.InvokeNextActionFilterAsync()
   at Microsoft.AspNetCore.Mvc.Internal.ControllerActionInvoker.Rethrow(ActionExecutedContext context)
   at Microsoft.AspNetCore.Mvc.Internal.ControllerActionInvoker.Next(State& next, Scope& scope, Object& state, Boolean& isCompleted)
   at Microsoft.AspNetCore.Mvc.Internal.ControllerActionInvoker.InvokeInnerFilterAsync()
   at Microsoft.AspNetCore.Mvc.Internal.ResourceInvoker.InvokeNextExceptionFilterAsync()
2019-06-24 08:28:03,617 [8] ERROR DongXu.Target.Web.HttpGlobalExceptionFilter [(null)] - 老田测试log4错误日志
2019-06-24 08:28:03,638 [8] ERROR DongXu.Target.Web.HttpGlobalExceptionFilter [(null)] - 老蔡测试log4错误日志
2019-06-24 08:28:03,638 [8] ERROR DongXu.Target.Web.HttpGlobalExceptionFilter [(null)] - 老牛测试log4错误日志
2019-06-24 08:30:25,507 [8] ERROR DongXu.Target.Web.HttpGlobalExceptionFilter [(null)] - System.NullReferenceException: Object reference not set to an instance of an object.
   at DongXu.Target.Web.MyActionFilter.<>c__DisplayClass0_0.<OnActionExecuting>b__0(PowerList m) in G:\专业高级课程\大实训二\Github项目\Transformers\DongXu.Target.Web\DongXu.Target.Web\MyActionFilter.cs:line 28
   at System.Collections.Generic.List`1.FindIndex(Int32 startIndex, Int32 count, Predicate`1 match)
   at System.Collections.Generic.List`1.Exists(Predicate`1 match)
   at DongXu.Target.Web.MyActionFilter.OnActionExecuting(ActionExecutingContext filterContext) in G:\专业高级课程\大实训二\Github项目\Transformers\DongXu.Target.Web\DongXu.Target.Web\MyActionFilter.cs:line 28
   at Microsoft.AspNetCore.Mvc.Filters.ActionFilterAttribute.OnActionExecutionAsync(ActionExecutingContext context, ActionExecutionDelegate next)
   at Microsoft.AspNetCore.Mvc.Internal.ControllerActionInvoker.InvokeNextActionFilterAsync()
   at Microsoft.AspNetCore.Mvc.Internal.ControllerActionInvoker.Rethrow(ActionExecutedContext context)
   at Microsoft.AspNetCore.Mvc.Internal.ControllerActionInvoker.Next(State& next, Scope& scope, Object& state, Boolean& isCompleted)
   at Microsoft.AspNetCore.Mvc.Internal.ControllerActionInvoker.InvokeInnerFilterAsync()
   at Microsoft.AspNetCore.Mvc.Internal.ResourceInvoker.InvokeNextExceptionFilterAsync()
2019-06-24 08:30:44,829 [8] ERROR DongXu.Target.Web.HttpGlobalExceptionFilter [(null)] - System.NullReferenceException: Object reference not set to an instance of an object.
   at DongXu.Target.Web.MyActionFilter.<>c__DisplayClass0_0.<OnActionExecuting>b__0(PowerList m) in G:\专业高级课程\大实训二\Github项目\Transformers\DongXu.Target.Web\DongXu.Target.Web\MyActionFilter.cs:line 28
   at System.Collections.Generic.List`1.FindIndex(Int32 startIndex, Int32 count, Predicate`1 match)
   at System.Collections.Generic.List`1.Exists(Predicate`1 match)
   at DongXu.Target.Web.MyActionFilter.OnActionExecuting(ActionExecutingContext filterContext) in G:\专业高级课程\大实训二\Github项目\Transformers\DongXu.Target.Web\DongXu.Target.Web\MyActionFilter.cs:line 28
   at Microsoft.AspNetCore.Mvc.Filters.ActionFilterAttribute.OnActionExecutionAsync(ActionExecutingContext context, ActionExecutionDelegate next)
   at Microsoft.AspNetCore.Mvc.Internal.ControllerActionInvoker.InvokeNextActionFilterAsync()
   at Microsoft.AspNetCore.Mvc.Internal.ControllerActionInvoker.Rethrow(ActionExecutedContext context)
   at Microsoft.AspNetCore.Mvc.Internal.ControllerActionInvoker.Next(State& next, Scope& scope, Object& state, Boolean& isCompleted)
   at Microsoft.AspNetCore.Mvc.Internal.ControllerActionInvoker.InvokeInnerFilterAsync()
   at Microsoft.AspNetCore.Mvc.Internal.ResourceInvoker.InvokeNextExceptionFilterAsync()
2019-06-24 08:30:56,012 [4] ERROR DongXu.Target.Web.HttpGlobalExceptionFilter [(null)] - 老田测试log4错误日志
2019-06-24 08:30:56,012 [4] ERROR DongXu.Target.Web.HttpGlobalExceptionFilter [(null)] - 老蔡测试log4错误日志
2019-06-24 08:30:56,012 [4] ERROR DongXu.Target.Web.HttpGlobalExceptionFilter [(null)] - 老牛测试log4错误日志
2019-06-24 08:37:12,547 [42] ERROR DongXu.Target.Web.HttpGlobalExceptionFilter [(null)] - 老田测试log4错误日志
2019-06-24 08:37:12,547 [42] ERROR DongXu.Target.Web.HttpGlobalExceptionFilter [(null)] - 老蔡测试log4错误日志
2019-06-24 08:37:12,547 [42] ERROR DongXu.Target.Web.HttpGlobalExceptionFilter [(null)] - 老牛测试log4错误日志
2019-06-24 08:42:53,442 [82] ERROR DongXu.Target.Web.HttpGlobalExceptionFilter [(null)] - 老田测试log4错误日志
2019-06-24 08:42:53,443 [82] ERROR DongXu.Target.Web.HttpGlobalExceptionFilter [(null)] - 老蔡测试log4错误日志
2019-06-24 08:42:53,443 [82] ERROR DongXu.Target.Web.HttpGlobalExceptionFilter [(null)] - 老牛测试log4错误日志
2019-06-24 08:44:00,249 [87] ERROR DongXu.Target.Web.HttpGlobalExceptionFilter [(null)] - 老田测试log4错误日志
2019-06-24 08:44:00,249 [87] ERROR DongXu.Target.Web.HttpGlobalExceptionFilter [(null)] - 老蔡测试log4错误日志
2019-06-24 08:44:00,249 [87] ERROR DongXu.Target.Web.HttpGlobalExceptionFilter [(null)] - 老牛测试log4错误日志
2019-06-24 08:44:31,956 [77] ERROR DongXu.Target.Web.HttpGlobalExceptionFilter [(null)] - 老田测试log4错误日志
2019-06-24 08:44:31,956 [77] ERROR DongXu.Target.Web.HttpGlobalExceptionFilter [(null)] - 老蔡测试log4错误日志
2019-06-24 08:44:31,956 [77] ERROR DongXu.Target.Web.HttpGlobalExceptionFilter [(null)] - 老牛测试log4错误日志
2019-06-24 08:45:57,367 [33] ERROR DongXu.Target.Web.HttpGlobalExceptionFilter [(null)] - 老田测试log4错误日志
2019-06-24 08:45:57,368 [33] ERROR DongXu.Target.Web.HttpGlobalExceptionFilter [(null)] - 老蔡测试log4错误日志
2019-06-24 08:45:57,368 [33] ERROR DongXu.Target.Web.HttpGlobalExceptionFilter [(null)] - 老牛测试log4错误日志
2019-06-24 08:46:16,430 [53] ERROR DongXu.Target.Web.HttpGlobalExceptionFilter [(null)] - 老田测试log4错误日志
2019-06-24 08:46:16,430 [53] ERROR DongXu.Target.Web.HttpGlobalExceptionFilter [(null)] - 老蔡测试log4错误日志
2019-06-24 08:46:16,430 [53] ERROR DongXu.Target.Web.HttpGlobalExceptionFilter [(null)] - 老牛测试log4错误日志
2019-06-24 08:47:37,268 [14] ERROR DongXu.Target.Web.HttpGlobalExceptionFilter [(null)] - 老田测试log4错误日志
2019-06-24 08:47:37,268 [14] ERROR DongXu.Target.Web.HttpGlobalExceptionFilter [(null)] - 老蔡测试log4错误日志
2019-06-24 08:47:37,268 [14] ERROR DongXu.Target.Web.HttpGlobalExceptionFilter [(null)] - 老牛测试log4错误日志
2019-06-24 08:47:38,577 [22] ERROR DongXu.Target.Web.HttpGlobalExceptionFilter [(null)] - 老田测试log4错误日志
2019-06-24 08:47:38,577 [22] ERROR DongXu.Target.Web.HttpGlobalExceptionFilter [(null)] - 老蔡测试log4错误日志
2019-06-24 08:47:38,577 [22] ERROR DongXu.Target.Web.HttpGlobalExceptionFilter [(null)] - 老牛测试log4错误日志
2019-06-24 08:47:39,154 [34] ERROR DongXu.Target.Web.HttpGlobalExceptionFilter [(null)] - 老田测试log4错误日志
2019-06-24 08:47:39,154 [34] ERROR DongXu.Target.Web.HttpGlobalExceptionFilter [(null)] - 老蔡测试log4错误日志
2019-06-24 08:47:39,154 [34] ERROR DongXu.Target.Web.HttpGlobalExceptionFilter [(null)] - 老牛测试log4错误日志
2019-06-24 08:47:39,883 [34] ERROR DongXu.Target.Web.HttpGlobalExceptionFilter [(null)] - 老田测试log4错误日志
2019-06-24 08:47:39,883 [34] ERROR DongXu.Target.Web.HttpGlobalExceptionFilter [(null)] - 老蔡测试log4错误日志
2019-06-24 08:47:39,883 [34] ERROR DongXu.Target.Web.HttpGlobalExceptionFilter [(null)] - 老牛测试log4错误日志
2019-06-24 08:47:40,948 [21] ERROR DongXu.Target.Web.HttpGlobalExceptionFilter [(null)] - 老田测试log4错误日志
2019-06-24 08:47:40,949 [21] ERROR DongXu.Target.Web.HttpGlobalExceptionFilter [(null)] - 老蔡测试log4错误日志
2019-06-24 08:47:40,949 [21] ERROR DongXu.Target.Web.HttpGlobalExceptionFilter [(null)] - 老牛测试log4错误日志
2019-06-24 08:47:41,881 [87] ERROR DongXu.Target.Web.HttpGlobalExceptionFilter [(null)] - 老田测试log4错误日志
2019-06-24 08:47:41,881 [87] ERROR DongXu.Target.Web.HttpGlobalExceptionFilter [(null)] - 老蔡测试log4错误日志
2019-06-24 08:47:41,881 [87] ERROR DongXu.Target.Web.HttpGlobalExceptionFilter [(null)] - 老牛测试log4错误日志
2019-06-24 08:47:42,710 [31] ERROR DongXu.Target.Web.HttpGlobalExceptionFilter [(null)] - 老田测试log4错误日志
2019-06-24 08:47:42,711 [31] ERROR DongXu.Target.Web.HttpGlobalExceptionFilter [(null)] - 老蔡测试log4错误日志
2019-06-24 08:47:42,711 [31] ERROR DongXu.Target.Web.HttpGlobalExceptionFilter [(null)] - 老牛测试log4错误日志
2019-06-24 08:47:43,487 [87] ERROR DongXu.Target.Web.HttpGlobalExceptionFilter [(null)] - 老田测试log4错误日志
2019-06-24 08:47:43,487 [87] ERROR DongXu.Target.Web.HttpGlobalExceptionFilter [(null)] - 老蔡测试log4错误日志
2019-06-24 08:47:43,487 [87] ERROR DongXu.Target.Web.HttpGlobalExceptionFilter [(null)] - 老牛测试log4错误日志
2019-06-24 08:47:44,155 [21] ERROR DongXu.Target.Web.HttpGlobalExceptionFilter [(null)] - 老田测试log4错误日志
2019-06-24 08:47:44,155 [21] ERROR DongXu.Target.Web.HttpGlobalExceptionFilter [(null)] - 老蔡测试log4错误日志
2019-06-24 08:47:44,156 [21] ERROR DongXu.Target.Web.HttpGlobalExceptionFilter [(null)] - 老牛测试log4错误日志
2019-06-24 08:49:17,973 [27] ERROR DongXu.Target.Web.HttpGlobalExceptionFilter [(null)] - 老田测试log4错误日志
2019-06-24 08:49:17,973 [27] ERROR DongXu.Target.Web.HttpGlobalExceptionFilter [(null)] - 老蔡测试log4错误日志
2019-06-24 08:49:17,973 [27] ERROR DongXu.Target.Web.HttpGlobalExceptionFilter [(null)] - 老牛测试log4错误日志
2019-06-24 08:50:12,238 [44] ERROR DongXu.Target.Web.HttpGlobalExceptionFilter [(null)] - 老田测试log4错误日志
2019-06-24 08:50:12,238 [44] ERROR DongXu.Target.Web.HttpGlobalExceptionFilter [(null)] - 老蔡测试log4错误日志
2019-06-24 08:50:12,239 [44] ERROR DongXu.Target.Web.HttpGlobalExceptionFilter [(null)] - 老牛测试log4错误日志
2019-06-24 08:51:43,954 [68] ERROR DongXu.Target.Web.HttpGlobalExceptionFilter [(null)] - 老田测试log4错误日志
2019-06-24 08:51:43,954 [68] ERROR DongXu.Target.Web.HttpGlobalExceptionFilter [(null)] - 老蔡测试log4错误日志
2019-06-24 08:51:43,954 [68] ERROR DongXu.Target.Web.HttpGlobalExceptionFilter [(null)] - 老牛测试log4错误日志
2019-06-24 08:57:07,127 [91] ERROR DongXu.Target.Web.HttpGlobalExceptionFilter [(null)] - 老田测试log4错误日志
2019-06-24 08:57:07,127 [91] ERROR DongXu.Target.Web.HttpGlobalExceptionFilter [(null)] - 老蔡测试log4错误日志
2019-06-24 08:57:07,127 [91] ERROR DongXu.Target.Web.HttpGlobalExceptionFilter [(null)] - 老牛测试log4错误日志
2019-06-24 08:57:37,471 [97] ERROR DongXu.Target.Web.HttpGlobalExceptionFilter [(null)] - 老田测试log4错误日志
2019-06-24 08:57:37,471 [97] ERROR DongXu.Target.Web.HttpGlobalExceptionFilter [(null)] - 老蔡测试log4错误日志
2019-06-24 08:57:37,471 [97] ERROR DongXu.Target.Web.HttpGlobalExceptionFilter [(null)] - 老牛测试log4错误日志
2019-06-24 09:00:39,106 [106] ERROR DongXu.Target.Web.HttpGlobalExceptionFilter [(null)] - 老田测试log4错误日志
2019-06-24 09:00:39,106 [106] ERROR DongXu.Target.Web.HttpGlobalExceptionFilter [(null)] - 老蔡测试log4错误日志
2019-06-24 09:00:39,106 [106] ERROR DongXu.Target.Web.HttpGlobalExceptionFilter [(null)] - 老牛测试log4错误日志
2019-06-24 09:01:31,577 [101] ERROR DongXu.Target.Web.HttpGlobalExceptionFilter [(null)] - 老田测试log4错误日志
2019-06-24 09:01:31,577 [101] ERROR DongXu.Target.Web.HttpGlobalExceptionFilter [(null)] - 老蔡测试log4错误日志
2019-06-24 09:01:31,577 [101] ERROR DongXu.Target.Web.HttpGlobalExceptionFilter [(null)] - 老牛测试log4错误日志
2019-06-24 09:02:01,639 [102] ERROR DongXu.Target.Web.HttpGlobalExceptionFilter [(null)] - 老田测试log4错误日志
2019-06-24 09:02:01,639 [102] ERROR DongXu.Target.Web.HttpGlobalExceptionFilter [(null)] - 老蔡测试log4错误日志
2019-06-24 09:02:01,639 [102] ERROR DongXu.Target.Web.HttpGlobalExceptionFilter [(null)] - 老牛测试log4错误日志
2019-06-24 09:05:15,653 [102] ERROR DongXu.Target.Web.HttpGlobalExceptionFilter [(null)] - 老田测试log4错误日志
2019-06-24 09:05:15,653 [102] ERROR DongXu.Target.Web.HttpGlobalExceptionFilter [(null)] - 老蔡测试log4错误日志
2019-06-24 09:05:15,653 [102] ERROR DongXu.Target.Web.HttpGlobalExceptionFilter [(null)] - 老牛测试log4错误日志
2019-06-24 09:06:10,590 [122] ERROR DongXu.Target.Web.HttpGlobalExceptionFilter [(null)] - 老田测试log4错误日志
2019-06-24 09:06:10,591 [122] ERROR DongXu.Target.Web.HttpGlobalExceptionFilter [(null)] - 老蔡测试log4错误日志
2019-06-24 09:06:10,591 [122] ERROR DongXu.Target.Web.HttpGlobalExceptionFilter [(null)] - 老牛测试log4错误日志
2019-06-24 09:07:34,148 [97] ERROR DongXu.Target.Web.HttpGlobalExceptionFilter [(null)] - 老田测试log4错误日志
2019-06-24 09:07:34,148 [97] ERROR DongXu.Target.Web.HttpGlobalExceptionFilter [(null)] - 老蔡测试log4错误日志
2019-06-24 09:07:34,148 [97] ERROR DongXu.Target.Web.HttpGlobalExceptionFilter [(null)] - 老牛测试log4错误日志
2019-06-24 09:07:54,725 [131] ERROR DongXu.Target.Web.HttpGlobalExceptionFilter [(null)] - 老田测试log4错误日志
2019-06-24 09:07:54,725 [131] ERROR DongXu.Target.Web.HttpGlobalExceptionFilter [(null)] - 老蔡测试log4错误日志
2019-06-24 09:07:54,725 [131] ERROR DongXu.Target.Web.HttpGlobalExceptionFilter [(null)] - 老牛测试log4错误日志
2019-06-24 09:13:07,002 [153] ERROR DongXu.Target.Web.HttpGlobalExceptionFilter [(null)] - 老田测试log4错误日志
2019-06-24 09:13:07,002 [153] ERROR DongXu.Target.Web.HttpGlobalExceptionFilter [(null)] - 老蔡测试log4错误日志
2019-06-24 09:13:07,002 [153] ERROR DongXu.Target.Web.HttpGlobalExceptionFilter [(null)] - 老牛测试log4错误日志
2019-06-24 09:13:34,334 [144] ERROR DongXu.Target.Web.HttpGlobalExceptionFilter [(null)] - 老田测试log4错误日志
2019-06-24 09:13:34,334 [144] ERROR DongXu.Target.Web.HttpGlobalExceptionFilter [(null)] - 老蔡测试log4错误日志
2019-06-24 09:13:34,334 [144] ERROR DongXu.Target.Web.HttpGlobalExceptionFilter [(null)] - 老牛测试log4错误日志
2019-06-24 09:15:15,424 [128] ERROR DongXu.Target.Web.HttpGlobalExceptionFilter [(null)] - 老田测试log4错误日志
2019-06-24 09:15:15,424 [128] ERROR DongXu.Target.Web.HttpGlobalExceptionFilter [(null)] - 老蔡测试log4错误日志
2019-06-24 09:15:15,424 [128] ERROR DongXu.Target.Web.HttpGlobalExceptionFilter [(null)] - 老牛测试log4错误日志
2019-06-24 09:31:43,394 [12] ERROR DongXu.Target.Web.HttpGlobalExceptionFilter [(null)] - System.NullReferenceException: Object reference not set to an instance of an object.
   at DongXu.Target.Web.MyActionFilter.<>c__DisplayClass0_0.<OnActionExecuting>b__0(PowerList m) in G:\专业高级课程\大实训二\Github项目\Transformers\DongXu.Target.Web\DongXu.Target.Web\MyActionFilter.cs:line 28
   at System.Collections.Generic.List`1.FindIndex(Int32 startIndex, Int32 count, Predicate`1 match)
   at System.Collections.Generic.List`1.Exists(Predicate`1 match)
   at DongXu.Target.Web.MyActionFilter.OnActionExecuting(ActionExecutingContext filterContext) in G:\专业高级课程\大实训二\Github项目\Transformers\DongXu.Target.Web\DongXu.Target.Web\MyActionFilter.cs:line 28
   at Microsoft.AspNetCore.Mvc.Filters.ActionFilterAttribute.OnActionExecutionAsync(ActionExecutingContext context, ActionExecutionDelegate next)
   at Microsoft.AspNetCore.Mvc.Internal.ControllerActionInvoker.InvokeNextActionFilterAsync()
   at Microsoft.AspNetCore.Mvc.Internal.ControllerActionInvoker.Rethrow(ActionExecutedContext context)
   at Microsoft.AspNetCore.Mvc.Internal.ControllerActionInvoker.Next(State& next, Scope& scope, Object& state, Boolean& isCompleted)
   at Microsoft.AspNetCore.Mvc.Internal.ControllerActionInvoker.InvokeInnerFilterAsync()
   at Microsoft.AspNetCore.Mvc.Internal.ResourceInvoker.InvokeNextExceptionFilterAsync()
2019-06-24 09:31:55,766 [10] ERROR DongXu.Target.Web.HttpGlobalExceptionFilter [(null)] - 老田测试log4错误日志
2019-06-24 09:31:55,766 [10] ERROR DongXu.Target.Web.HttpGlobalExceptionFilter [(null)] - 老蔡测试log4错误日志
2019-06-24 09:31:55,766 [10] ERROR DongXu.Target.Web.HttpGlobalExceptionFilter [(null)] - 老牛测试log4错误日志
2019-06-24 09:32:44,901 [26] ERROR DongXu.Target.Web.HttpGlobalExceptionFilter [(null)] - 老田测试log4错误日志
2019-06-24 09:32:44,901 [26] ERROR DongXu.Target.Web.HttpGlobalExceptionFilter [(null)] - 老蔡测试log4错误日志
2019-06-24 09:32:44,901 [26] ERROR DongXu.Target.Web.HttpGlobalExceptionFilter [(null)] - 老牛测试log4错误日志
2019-06-24 09:34:04,371 [24] ERROR DongXu.Target.Web.HttpGlobalExceptionFilter [(null)] - 老田测试log4错误日志
2019-06-24 09:34:04,371 [24] ERROR DongXu.Target.Web.HttpGlobalExceptionFilter [(null)] - 老蔡测试log4错误日志
2019-06-24 09:34:04,372 [24] ERROR DongXu.Target.Web.HttpGlobalExceptionFilter [(null)] - 老牛测试log4错误日志
2019-06-24 09:34:29,561 [31] ERROR DongXu.Target.Web.HttpGlobalExceptionFilter [(null)] - 老田测试log4错误日志
2019-06-24 09:34:29,561 [31] ERROR DongXu.Target.Web.HttpGlobalExceptionFilter [(null)] - 老蔡测试log4错误日志
2019-06-24 09:34:29,561 [31] ERROR DongXu.Target.Web.HttpGlobalExceptionFilter [(null)] - 老牛测试log4错误日志
2019-06-24 09:34:46,937 [31] ERROR DongXu.Target.Web.HttpGlobalExceptionFilter [(null)] - 老田测试log4错误日志
2019-06-24 09:34:46,937 [31] ERROR DongXu.Target.Web.HttpGlobalExceptionFilter [(null)] - 老蔡测试log4错误日志
2019-06-24 09:34:46,937 [31] ERROR DongXu.Target.Web.HttpGlobalExceptionFilter [(null)] - 老牛测试log4错误日志
2019-06-24 09:37:08,055 [48] ERROR DongXu.Target.Web.HttpGlobalExceptionFilter [(null)] - 老田测试log4错误日志
2019-06-24 09:37:08,056 [48] ERROR DongXu.Target.Web.HttpGlobalExceptionFilter [(null)] - 老蔡测试log4错误日志
2019-06-24 09:37:08,056 [48] ERROR DongXu.Target.Web.HttpGlobalExceptionFilter [(null)] - 老牛测试log4错误日志
2019-06-24 09:37:27,319 [23] ERROR DongXu.Target.Web.HttpGlobalExceptionFilter [(null)] - 老田测试log4错误日志
2019-06-24 09:37:27,319 [23] ERROR DongXu.Target.Web.HttpGlobalExceptionFilter [(null)] - 老蔡测试log4错误日志
2019-06-24 09:37:27,319 [23] ERROR DongXu.Target.Web.HttpGlobalExceptionFilter [(null)] - 老牛测试log4错误日志
2019-06-24 09:53:12,540 [10] ERROR DongXu.Target.Web.HttpGlobalExceptionFilter [(null)] - System.NullReferenceException: Object reference not set to an instance of an object.
   at DongXu.Target.Web.MyActionFilter.<>c__DisplayClass0_0.<OnActionExecuting>b__0(PowerList m) in G:\专业高级课程\大实训二\Github项目\Transformers\DongXu.Target.Web\DongXu.Target.Web\MyActionFilter.cs:line 28
   at System.Collections.Generic.List`1.FindIndex(Int32 startIndex, Int32 count, Predicate`1 match)
   at System.Collections.Generic.List`1.Exists(Predicate`1 match)
   at DongXu.Target.Web.MyActionFilter.OnActionExecuting(ActionExecutingContext filterContext) in G:\专业高级课程\大实训二\Github项目\Transformers\DongXu.Target.Web\DongXu.Target.Web\MyActionFilter.cs:line 28
   at Microsoft.AspNetCore.Mvc.Filters.ActionFilterAttribute.OnActionExecutionAsync(ActionExecutingContext context, ActionExecutionDelegate next)
   at Microsoft.AspNetCore.Mvc.Internal.ControllerActionInvoker.InvokeNextActionFilterAsync()
   at Microsoft.AspNetCore.Mvc.Internal.ControllerActionInvoker.Rethrow(ActionExecutedContext context)
   at Microsoft.AspNetCore.Mvc.Internal.ControllerActionInvoker.Next(State& next, Scope& scope, Object& state, Boolean& isCompleted)
   at Microsoft.AspNetCore.Mvc.Internal.ControllerActionInvoker.InvokeInnerFilterAsync()
   at Microsoft.AspNetCore.Mvc.Internal.ResourceInvoker.InvokeNextExceptionFilterAsync()
2019-06-24 09:53:21,386 [12] ERROR DongXu.Target.Web.HttpGlobalExceptionFilter [(null)] - 老田测试log4错误日志
2019-06-24 09:53:21,386 [12] ERROR DongXu.Target.Web.HttpGlobalExceptionFilter [(null)] - 老蔡测试log4错误日志
2019-06-24 09:53:21,386 [12] ERROR DongXu.Target.Web.HttpGlobalExceptionFilter [(null)] - 老牛测试log4错误日志
2019-06-24 09:59:30,197 [51] ERROR DongXu.Target.Web.HttpGlobalExceptionFilter [(null)] - System.NullReferenceException: Object reference not set to an instance of an object.
   at DongXu.Target.Web.MyActionFilter.<>c__DisplayClass0_0.<OnActionExecuting>b__0(PowerList m) in G:\专业高级课程\大实训二\Github项目\Transformers\DongXu.Target.Web\DongXu.Target.Web\MyActionFilter.cs:line 28
   at System.Collections.Generic.List`1.FindIndex(Int32 startIndex, Int32 count, Predicate`1 match)
   at System.Collections.Generic.List`1.Exists(Predicate`1 match)
   at DongXu.Target.Web.MyActionFilter.OnActionExecuting(ActionExecutingContext filterContext) in G:\专业高级课程\大实训二\Github项目\Transformers\DongXu.Target.Web\DongXu.Target.Web\MyActionFilter.cs:line 28
   at Microsoft.AspNetCore.Mvc.Filters.ActionFilterAttribute.OnActionExecutionAsync(ActionExecutingContext context, ActionExecutionDelegate next)
   at Microsoft.AspNetCore.Mvc.Internal.ControllerActionInvoker.InvokeNextActionFilterAsync()
   at Microsoft.AspNetCore.Mvc.Internal.ControllerActionInvoker.Rethrow(ActionExecutedContext context)
   at Microsoft.AspNetCore.Mvc.Internal.ControllerActionInvoker.Next(State& next, Scope& scope, Object& state, Boolean& isCompleted)
   at Microsoft.AspNetCore.Mvc.Internal.ControllerActionInvoker.InvokeInnerFilterAsync()
   at Microsoft.AspNetCore.Mvc.Internal.ResourceInvoker.InvokeNextExceptionFilterAsync()
2019-06-24 09:59:37,022 [51] ERROR DongXu.Target.Web.HttpGlobalExceptionFilter [(null)] - 老田测试log4错误日志
2019-06-24 09:59:37,022 [51] ERROR DongXu.Target.Web.HttpGlobalExceptionFilter [(null)] - 老蔡测试log4错误日志
2019-06-24 09:59:37,022 [51] ERROR DongXu.Target.Web.HttpGlobalExceptionFilter [(null)] - 老牛测试log4错误日志
2019-06-24 10:03:22,144 [12] ERROR DongXu.Target.Web.HttpGlobalExceptionFilter [(null)] - 老田测试log4错误日志
2019-06-24 10:03:22,166 [12] ERROR DongXu.Target.Web.HttpGlobalExceptionFilter [(null)] - 老蔡测试log4错误日志
2019-06-24 10:03:22,166 [12] ERROR DongXu.Target.Web.HttpGlobalExceptionFilter [(null)] - 老牛测试log4错误日志
2019-06-24 10:09:16,010 [9] ERROR DongXu.Target.Web.HttpGlobalExceptionFilter [(null)] - 老田测试log4错误日志
2019-06-24 10:09:16,408 [9] ERROR DongXu.Target.Web.HttpGlobalExceptionFilter [(null)] - 老蔡测试log4错误日志
2019-06-24 10:09:16,881 [9] ERROR DongXu.Target.Web.HttpGlobalExceptionFilter [(null)] - 老牛测试log4错误日志
2019-06-24 10:10:54,281 [47] ERROR DongXu.Target.Web.HttpGlobalExceptionFilter [(null)] - 老田测试log4错误日志
2019-06-24 10:10:54,615 [47] ERROR DongXu.Target.Web.HttpGlobalExceptionFilter [(null)] - 老蔡测试log4错误日志
2019-06-24 10:10:54,874 [47] ERROR DongXu.Target.Web.HttpGlobalExceptionFilter [(null)] - 老牛测试log4错误日志
2019-06-24 10:11:24,224 [12] ERROR DongXu.Target.Web.HttpGlobalExceptionFilter [(null)] - 老田测试log4错误日志
2019-06-24 10:11:31,055 [12] ERROR DongXu.Target.Web.HttpGlobalExceptionFilter [(null)] - 老蔡测试log4错误日志
2019-06-24 10:11:31,357 [12] ERROR DongXu.Target.Web.HttpGlobalExceptionFilter [(null)] - 老牛测试log4错误日志
2019-06-24 11:46:34,259 [12] ERROR DongXu.Target.Web.HttpGlobalExceptionFilter [(null)] - 老田测试log4错误日志
2019-06-24 11:46:34,857 [12] ERROR DongXu.Target.Web.HttpGlobalExceptionFilter [(null)] - 老蔡测试log4错误日志
2019-06-24 11:46:35,206 [12] ERROR DongXu.Target.Web.HttpGlobalExceptionFilter [(null)] - 老牛测试log4错误日志
2019-06-24 11:51:00,137 [8] ERROR DongXu.Target.Web.HttpGlobalExceptionFilter [(null)] - 老田测试log4错误日志
2019-06-24 11:51:00,164 [8] ERROR DongXu.Target.Web.HttpGlobalExceptionFilter [(null)] - 老蔡测试log4错误日志
2019-06-24 11:51:00,164 [8] ERROR DongXu.Target.Web.HttpGlobalExceptionFilter [(null)] - 老牛测试log4错误日志
2019-06-24 11:53:05,968 [76] ERROR DongXu.Target.Web.HttpGlobalExceptionFilter [(null)] - 老田测试log4错误日志
2019-06-24 11:53:05,968 [76] ERROR DongXu.Target.Web.HttpGlobalExceptionFilter [(null)] - 老蔡测试log4错误日志
2019-06-24 11:53:05,968 [76] ERROR DongXu.Target.Web.HttpGlobalExceptionFilter [(null)] - 老牛测试log4错误日志
2019-06-24 11:55:07,904 [82] ERROR DongXu.Target.Web.HttpGlobalExceptionFilter [(null)] - 老田测试log4错误日志
2019-06-24 11:55:07,904 [82] ERROR DongXu.Target.Web.HttpGlobalExceptionFilter [(null)] - 老蔡测试log4错误日志
2019-06-24 11:55:07,904 [82] ERROR DongXu.Target.Web.HttpGlobalExceptionFilter [(null)] - 老牛测试log4错误日志
2019-06-24 11:56:38,810 [125] ERROR DongXu.Target.Web.HttpGlobalExceptionFilter [(null)] - 老田测试log4错误日志
2019-06-24 11:56:38,810 [125] ERROR DongXu.Target.Web.HttpGlobalExceptionFilter [(null)] - 老蔡测试log4错误日志
2019-06-24 11:56:38,810 [125] ERROR DongXu.Target.Web.HttpGlobalExceptionFilter [(null)] - 老牛测试log4错误日志
2019-06-24 11:59:10,465 [8] ERROR DongXu.Target.Web.HttpGlobalExceptionFilter [(null)] - 老田测试log4错误日志
2019-06-24 11:59:10,497 [8] ERROR DongXu.Target.Web.HttpGlobalExceptionFilter [(null)] - 老蔡测试log4错误日志
2019-06-24 11:59:10,497 [8] ERROR DongXu.Target.Web.HttpGlobalExceptionFilter [(null)] - 老牛测试log4错误日志
2019-06-24 12:00:54,561 [32] ERROR DongXu.Target.Web.HttpGlobalExceptionFilter [(null)] - 老田测试log4错误日志
2019-06-24 12:00:54,561 [32] ERROR DongXu.Target.Web.HttpGlobalExceptionFilter [(null)] - 老蔡测试log4错误日志
2019-06-24 12:00:54,561 [32] ERROR DongXu.Target.Web.HttpGlobalExceptionFilter [(null)] - 老牛测试log4错误日志
2019-06-24 12:02:08,190 [38] ERROR DongXu.Target.Web.HttpGlobalExceptionFilter [(null)] - 老田测试log4错误日志
2019-06-24 12:02:08,190 [38] ERROR DongXu.Target.Web.HttpGlobalExceptionFilter [(null)] - 老蔡测试log4错误日志
2019-06-24 12:02:08,190 [38] ERROR DongXu.Target.Web.HttpGlobalExceptionFilter [(null)] - 老牛测试log4错误日志
2019-06-24 14:02:18,701 [12] ERROR DongXu.Target.Web.HttpGlobalExceptionFilter [(null)] - System.NullReferenceException: Object reference not set to an instance of an object.
   at DongXu.Target.Web.MyActionFilter.<>c__DisplayClass0_0.<OnActionExecuting>b__0(PowerList m) in G:\专业高级课程\大实训二\Github项目\Transformers\DongXu.Target.Web\DongXu.Target.Web\MyActionFilter.cs:line 28
   at System.Collections.Generic.List`1.FindIndex(Int32 startIndex, Int32 count, Predicate`1 match)
   at System.Collections.Generic.List`1.Exists(Predicate`1 match)
   at DongXu.Target.Web.MyActionFilter.OnActionExecuting(ActionExecutingContext filterContext) in G:\专业高级课程\大实训二\Github项目\Transformers\DongXu.Target.Web\DongXu.Target.Web\MyActionFilter.cs:line 28
   at Microsoft.AspNetCore.Mvc.Filters.ActionFilterAttribute.OnActionExecutionAsync(ActionExecutingContext context, ActionExecutionDelegate next)
   at Microsoft.AspNetCore.Mvc.Internal.ControllerActionInvoker.InvokeNextActionFilterAsync()
   at Microsoft.AspNetCore.Mvc.Internal.ControllerActionInvoker.Rethrow(ActionExecutedContext context)
   at Microsoft.AspNetCore.Mvc.Internal.ControllerActionInvoker.Next(State& next, Scope& scope, Object& state, Boolean& isCompleted)
   at Microsoft.AspNetCore.Mvc.Internal.ControllerActionInvoker.InvokeInnerFilterAsync()
   at Microsoft.AspNetCore.Mvc.Internal.ResourceInvoker.InvokeNextExceptionFilterAsync()
2019-06-24 14:02:29,428 [11] ERROR DongXu.Target.Web.HttpGlobalExceptionFilter [(null)] - 老田测试log4错误日志
2019-06-24 14:02:29,428 [11] ERROR DongXu.Target.Web.HttpGlobalExceptionFilter [(null)] - 老蔡测试log4错误日志
2019-06-24 14:02:29,428 [11] ERROR DongXu.Target.Web.HttpGlobalExceptionFilter [(null)] - 老牛测试log4错误日志
2019-06-24 14:04:43,617 [8] ERROR DongXu.Target.Web.HttpGlobalExceptionFilter [(null)] - System.NullReferenceException: Object reference not set to an instance of an object.
   at DongXu.Target.Web.MyActionFilter.<>c__DisplayClass0_0.<OnActionExecuting>b__0(PowerList m) in G:\专业高级课程\大实训二\Github项目\Transformers\DongXu.Target.Web\DongXu.Target.Web\MyActionFilter.cs:line 28
   at System.Collections.Generic.List`1.FindIndex(Int32 startIndex, Int32 count, Predicate`1 match)
   at System.Collections.Generic.List`1.Exists(Predicate`1 match)
   at DongXu.Target.Web.MyActionFilter.OnActionExecuting(ActionExecutingContext filterContext) in G:\专业高级课程\大实训二\Github项目\Transformers\DongXu.Target.Web\DongXu.Target.Web\MyActionFilter.cs:line 28
   at Microsoft.AspNetCore.Mvc.Filters.ActionFilterAttribute.OnActionExecutionAsync(ActionExecutingContext context, ActionExecutionDelegate next)
   at Microsoft.AspNetCore.Mvc.Internal.ControllerActionInvoker.InvokeNextActionFilterAsync()
   at Microsoft.AspNetCore.Mvc.Internal.ControllerActionInvoker.Rethrow(ActionExecutedContext context)
   at Microsoft.AspNetCore.Mvc.Internal.ControllerActionInvoker.Next(State& next, Scope& scope, Object& state, Boolean& isCompleted)
   at Microsoft.AspNetCore.Mvc.Internal.ControllerActionInvoker.InvokeInnerFilterAsync()
   at Microsoft.AspNetCore.Mvc.Internal.ResourceInvoker.InvokeNextExceptionFilterAsync()
2019-06-24 14:04:52,062 [12] ERROR DongXu.Target.Web.HttpGlobalExceptionFilter [(null)] - 老田测试log4错误日志
2019-06-24 14:04:52,062 [12] ERROR DongXu.Target.Web.HttpGlobalExceptionFilter [(null)] - 老蔡测试log4错误日志
2019-06-24 14:04:52,062 [12] ERROR DongXu.Target.Web.HttpGlobalExceptionFilter [(null)] - 老牛测试log4错误日志
2019-06-24 14:11:20,838 [9] ERROR DongXu.Target.Web.HttpGlobalExceptionFilter [(null)] - System.NullReferenceException: Object reference not set to an instance of an object.
   at DongXu.Target.Web.MyActionFilter.<>c__DisplayClass0_0.<OnActionExecuting>b__0(PowerList m) in G:\专业高级课程\大实训二\Github项目\Transformers\DongXu.Target.Web\DongXu.Target.Web\MyActionFilter.cs:line 28
   at System.Collections.Generic.List`1.FindIndex(Int32 startIndex, Int32 count, Predicate`1 match)
   at System.Collections.Generic.List`1.Exists(Predicate`1 match)
   at DongXu.Target.Web.MyActionFilter.OnActionExecuting(ActionExecutingContext filterContext) in G:\专业高级课程\大实训二\Github项目\Transformers\DongXu.Target.Web\DongXu.Target.Web\MyActionFilter.cs:line 28
   at Microsoft.AspNetCore.Mvc.Filters.ActionFilterAttribute.OnActionExecutionAsync(ActionExecutingContext context, ActionExecutionDelegate next)
   at Microsoft.AspNetCore.Mvc.Internal.ControllerActionInvoker.InvokeNextActionFilterAsync()
   at Microsoft.AspNetCore.Mvc.Internal.ControllerActionInvoker.Rethrow(ActionExecutedContext context)
   at Microsoft.AspNetCore.Mvc.Internal.ControllerActionInvoker.Next(State& next, Scope& scope, Object& state, Boolean& isCompleted)
   at Microsoft.AspNetCore.Mvc.Internal.ControllerActionInvoker.InvokeInnerFilterAsync()
   at Microsoft.AspNetCore.Mvc.Internal.ResourceInvoker.InvokeNextExceptionFilterAsync()
2019-06-24 14:11:25,236 [12] ERROR DongXu.Target.Web.HttpGlobalExceptionFilter [(null)] - 老田测试log4错误日志
2019-06-24 14:11:25,236 [12] ERROR DongXu.Target.Web.HttpGlobalExceptionFilter [(null)] - 老蔡测试log4错误日志
2019-06-24 14:11:25,236 [12] ERROR DongXu.Target.Web.HttpGlobalExceptionFilter [(null)] - 老牛测试log4错误日志
2019-06-24 14:14:59,684 [44] ERROR DongXu.Target.Web.HttpGlobalExceptionFilter [(null)] - 老田测试log4错误日志
2019-06-24 14:14:59,685 [44] ERROR DongXu.Target.Web.HttpGlobalExceptionFilter [(null)] - 老蔡测试log4错误日志
2019-06-24 14:14:59,685 [44] ERROR DongXu.Target.Web.HttpGlobalExceptionFilter [(null)] - 老牛测试log4错误日志
2019-06-24 14:26:24,238 [101] ERROR DongXu.Target.Web.HttpGlobalExceptionFilter [(null)] - 老田测试log4错误日志
2019-06-24 14:26:24,238 [101] ERROR DongXu.Target.Web.HttpGlobalExceptionFilter [(null)] - 老蔡测试log4错误日志
2019-06-24 14:26:24,238 [101] ERROR DongXu.Target.Web.HttpGlobalExceptionFilter [(null)] - 老牛测试log4错误日志
2019-06-24 14:28:19,047 [137] ERROR DongXu.Target.Web.HttpGlobalExceptionFilter [(null)] - 老田测试log4错误日志
2019-06-24 14:28:19,048 [137] ERROR DongXu.Target.Web.HttpGlobalExceptionFilter [(null)] - 老蔡测试log4错误日志
2019-06-24 14:28:19,048 [137] ERROR DongXu.Target.Web.HttpGlobalExceptionFilter [(null)] - 老牛测试log4错误日志
